<?xml version="1.0" encoding="UTF-8"?>
<!-- Generated by org.testng.reporters.JUnitReportReporter -->
<testsuite hostname="XiaoMiRepeater_V2" failures="0" tests="3" name="ApiTestGETDelay" time="17.773" errors="0" timestamp="2020-10-29T10:01:24 CET" skipped="0">
  <testcase classname="ApiTestGETDelay" name="delayUnderFive" time="3.226"/>
  <system-out/>
  <testcase classname="ApiTestGETDelay" name="delayFive" time="5.242"/>
  <system-out/>
  <testcase classname="ApiTestGETDelay" name="overFive" time="9.305"/>
  <system-out/>
</testsuite> <!-- ApiTestGETDelay -->
