<?xml version="1.0" encoding="UTF-8"?>
<!-- Generated by org.testng.reporters.JUnitReportReporter -->
<testsuite hostname="XiaoMiRepeater_V2" failures="0" tests="2" name="ApiTestDELETE" time="0.594" errors="0" timestamp="2020-10-29T10:01:24 CET" skipped="0">
  <testcase classname="ApiTestDELETE" name="checkIfUserIsDeleted" time="0.132"/>
  <system-out/>
  <testcase classname="ApiTestDELETE" name="deleteUsers" time="0.462"/>
  <system-out/>
</testsuite> <!-- ApiTestDELETE -->
