<?xml version="1.0" encoding="UTF-8"?>
<!-- Generated by org.testng.reporters.JUnitReportReporter -->
<testsuite hostname="XiaoMiRepeater_V2" failures="0" tests="3" name="ApiTestPOST" time="0.780" errors="0" timestamp="2020-10-29T10:01:24 CET" skipped="0">
  <testcase classname="ApiTestPOST" name="createUser" time="0.438"/>
  <system-out/>
  <testcase classname="ApiTestPOST" name="createUserWithAnyParameter" time="0.223"/>
  <system-out/>
  <testcase classname="ApiTestPOST" name="getNewUser" time="0.119"/>
  <system-out/>
</testsuite> <!-- ApiTestPOST -->
