<?xml version="1.0" encoding="UTF-8"?>
<!-- Generated by org.testng.reporters.JUnitReportReporter -->
<testsuite hostname="XiaoMiRepeater_V2" failures="0" tests="3" name="ApiTestGET" time="1.864" errors="0" timestamp="2020-10-29T10:01:24 CET" skipped="0">
  <testcase classname="ApiTestGET" name="getUserById" time="1.604"/>
  <system-out/>
  <testcase classname="ApiTestGET" name="getUsersPageOne" time="0.136"/>
  <system-out/>
  <testcase classname="ApiTestGET" name="getUsers" time="0.124"/>
  <system-out/>
</testsuite> <!-- ApiTestGET -->
